<?xml version="1.0" encoding="UTF-8"?>
<!-- Generated by org.testng.reporters.JUnitReportReporter -->
<testsuite skipped="0" hostname="LAPTOP-MEFRD64S" name="test.PersonalLoan" tests="3" failures="0" timestamp="2019-09-16T07:52:02 EDT" time="0.085" errors="0">
  <testcase name="personalloanlogin" time="0.013" classname="test.PersonalLoan"/>
  <testcase name="personalloanform" time="0.011" classname="test.PersonalLoan"/>
  <testcase name="personalloanlogout" time="0.061" classname="test.PersonalLoan"/>
</testsuite> <!-- test.PersonalLoan -->
