<?xml version="1.0" encoding="UTF-8"?>
<!-- Generated by org.testng.reporters.JUnitReportReporter -->
<testsuite skipped="0" hostname="LAPTOP-MEFRD64S" name="test.intro" tests="2" failures="0" timestamp="2019-08-28T19:07:10 EDT" time="0.072" errors="0">
  <testcase name="test2" time="0.007" classname="test.intro"/>
  <testcase name="test1" time="0.065" classname="test.intro"/>
</testsuite> <!-- test.intro -->
