<?xml version="1.0" encoding="UTF-8"?>
<!-- Generated by org.testng.reporters.JUnitReportReporter -->
<testsuite skipped="0" hostname="LAPTOP-MEFRD64S" name="test.Carloan" tests="3" failures="0" timestamp="2019-09-16T07:52:03 EDT" time="0.139" errors="0">
  <testcase name="carloanlogout" time="0.041" classname="test.Carloan"/>
  <testcase name="carloanform" time="0.046" classname="test.Carloan"/>
  <testcase name="carloanlogin" time="0.052" classname="test.Carloan"/>
</testsuite> <!-- test.Carloan -->
