<?xml version="1.0" encoding="UTF-8"?>
<!-- Generated by org.testng.reporters.JUnitReportReporter -->
<testsuite skipped="0" hostname="LAPTOP-MEFRD64S" name="test.Day1" tests="2" failures="0" timestamp="2019-09-11T18:49:48 EDT" time="0.041" errors="0">
  <testcase name="Demo2" time="0.013" classname="test.Day1"/>
  <testcase name="Demo" time="0.028" classname="test.Day1"/>
</testsuite> <!-- test.Day1 -->
